Build started 1/24/2016 3:14:20 PM.
     1>Project "D:\Thesis\Salmon code\salmon2\1salmon\1salmon.vcxproj" on node 2 (build target(s)).
     1>InitializeBuildStatus:
         Creating "Debug\1salmon.unsuccessfulbuild" because "AlwaysCreate" was specified.
       ClCompile:
         C:\Program Files (x86)\Microsoft Visual Studio 10.0\VC\bin\CL.exe /c /ZI /nologo /W3 /WX- /Od /Oy- /D WIN32 /D _DEBUG /D _CONSOLE /D _UNICODE /D UNICODE /Gm /EHsc /RTC1 /MDd /GS /fp:precise /Zc:wchar_t /Zc:forScope /Fo"Debug\\" /Fd"Debug\vc100.pdb" /Gd /TC /analyze- /errorReport:prompt salmon.c
         salmon.c
     1>d:\thesis\salmon code\salmon2\1salmon\salmon.c(72): warning C4244: 'function' : conversion from 'float' to 'size_t', possible loss of data
     1>d:\thesis\salmon code\salmon2\1salmon\salmon.c(119): warning C4244: 'function' : conversion from 'float' to 'size_t', possible loss of data
     1>d:\thesis\salmon code\salmon2\1salmon\salmon.c(120): warning C4244: 'function' : conversion from 'float' to 'size_t', possible loss of data
     1>d:\thesis\salmon code\salmon2\1salmon\salmon.c(122): warning C4244: 'function' : conversion from 'float' to 'size_t', possible loss of data
     1>d:\thesis\salmon code\salmon2\1salmon\salmon.c(129): warning C4244: 'function' : conversion from 'float' to 'size_t', possible loss of data
     1>d:\thesis\salmon code\salmon2\1salmon\salmon.c(223): warning C4244: 'function' : conversion from 'float' to 'size_t', possible loss of data
     1>d:\thesis\salmon code\salmon2\1salmon\salmon.c(230): warning C4244: 'function' : conversion from 'float' to 'size_t', possible loss of data
     1>d:\thesis\salmon code\salmon2\1salmon\salmon.c(238): warning C4244: 'function' : conversion from 'float' to 'size_t', possible loss of data
     1>d:\thesis\salmon code\salmon2\1salmon\salmon.c(245): warning C4244: 'function' : conversion from 'float' to 'size_t', possible loss of data
     1>d:\thesis\salmon code\salmon2\1salmon\salmon.c(254): warning C4244: 'function' : conversion from 'float' to 'size_t', possible loss of data
     1>d:\thesis\salmon code\salmon2\1salmon\salmon.c(261): warning C4244: 'function' : conversion from 'float' to 'size_t', possible loss of data
     1>d:\thesis\salmon code\salmon2\1salmon\salmon.c(268): warning C4244: 'function' : conversion from 'long double' to 'size_t', possible loss of data
     1>d:\thesis\salmon code\salmon2\1salmon\salmon.c(275): warning C4244: 'function' : conversion from 'float' to 'size_t', possible loss of data
     1>d:\thesis\salmon code\salmon2\1salmon\salmon.c(282): warning C4244: 'function' : conversion from 'float' to 'size_t', possible loss of data
     1>d:\thesis\salmon code\salmon2\1salmon\salmon.c(288): warning C4244: 'function' : conversion from 'float' to 'size_t', possible loss of data
     1>d:\thesis\salmon code\salmon2\1salmon\salmon.c(298): warning C4244: 'function' : conversion from 'time_t' to 'unsigned int', possible loss of data
     1>d:\thesis\salmon code\salmon2\1salmon\salmon.c(306): warning C4244: 'function' : conversion from 'float' to 'int', possible loss of data
     1>d:\thesis\salmon code\salmon2\1salmon\salmon.c(306): warning C4244: 'function' : conversion from 'long double' to 'int', possible loss of data
     1>d:\thesis\salmon code\salmon2\1salmon\salmon.c(485): warning C4244: '=' : conversion from 'float' to 'int', possible loss of data
     1>d:\thesis\salmon code\salmon2\1salmon\salmon.c(513): warning C4244: 'function' : conversion from 'float' to 'int', possible loss of data
     1>d:\thesis\salmon code\salmon2\1salmon\salmon.c(520): warning C4244: 'function' : conversion from 'float' to 'int', possible loss of data
     1>d:\thesis\salmon code\salmon2\1salmon\salmon.c(520): warning C4244: 'function' : conversion from 'float' to 'int', possible loss of data
     1>d:\thesis\salmon code\salmon2\1salmon\salmon.c(521): warning C4244: 'function' : conversion from 'float' to 'int', possible loss of data
     1>d:\thesis\salmon code\salmon2\1salmon\salmon.c(522): warning C4244: 'function' : conversion from 'float' to 'int', possible loss of data
     1>d:\thesis\salmon code\salmon2\1salmon\salmon.c(537): warning C4013: 'textcheck' undefined; assuming extern returning int
     1>d:\thesis\salmon code\salmon2\1salmon\salmon.c(566): warning C4244: 'function' : conversion from 'float' to 'size_t', possible loss of data
     1>d:\thesis\salmon code\salmon2\1salmon\salmon.c(620): warning C4996: 'scanf': This function or variable may be unsafe. Consider using scanf_s instead. To disable deprecation, use _CRT_SECURE_NO_WARNINGS. See online help for details.
                 c:\program files (x86)\microsoft visual studio 10.0\vc\include\stdio.h(304) : see declaration of 'scanf'
     1>d:\thesis\salmon code\salmon2\1salmon\salmon.c(628): warning C4996: 'scanf': This function or variable may be unsafe. Consider using scanf_s instead. To disable deprecation, use _CRT_SECURE_NO_WARNINGS. See online help for details.
                 c:\program files (x86)\microsoft visual studio 10.0\vc\include\stdio.h(304) : see declaration of 'scanf'
     1>d:\thesis\salmon code\salmon2\1salmon\salmon.c(636): warning C4996: 'scanf': This function or variable may be unsafe. Consider using scanf_s instead. To disable deprecation, use _CRT_SECURE_NO_WARNINGS. See online help for details.
                 c:\program files (x86)\microsoft visual studio 10.0\vc\include\stdio.h(304) : see declaration of 'scanf'
     1>d:\thesis\salmon code\salmon2\1salmon\salmon.c(644): warning C4996: 'scanf': This function or variable may be unsafe. Consider using scanf_s instead. To disable deprecation, use _CRT_SECURE_NO_WARNINGS. See online help for details.
                 c:\program files (x86)\microsoft visual studio 10.0\vc\include\stdio.h(304) : see declaration of 'scanf'
     1>d:\thesis\salmon code\salmon2\1salmon\salmon.c(652): warning C4996: 'scanf': This function or variable may be unsafe. Consider using scanf_s instead. To disable deprecation, use _CRT_SECURE_NO_WARNINGS. See online help for details.
                 c:\program files (x86)\microsoft visual studio 10.0\vc\include\stdio.h(304) : see declaration of 'scanf'
     1>d:\thesis\salmon code\salmon2\1salmon\salmon.c(659): warning C4305: '=' : truncation from 'double' to 'float'
     1>d:\thesis\salmon code\salmon2\1salmon\salmon.c(677): warning C4996: 'fopen': This function or variable may be unsafe. Consider using fopen_s instead. To disable deprecation, use _CRT_SECURE_NO_WARNINGS. See online help for details.
                 c:\program files (x86)\microsoft visual studio 10.0\vc\include\stdio.h(234) : see declaration of 'fopen'
     1>d:\thesis\salmon code\salmon2\1salmon\salmon.c(683): warning C4996: 'fscanf': This function or variable may be unsafe. Consider using fscanf_s instead. To disable deprecation, use _CRT_SECURE_NO_WARNINGS. See online help for details.
                 c:\program files (x86)\microsoft visual studio 10.0\vc\include\stdio.h(253) : see declaration of 'fscanf'
     1>d:\thesis\salmon code\salmon2\1salmon\salmon.c(695): warning C4305: '=' : truncation from 'double' to 'float'
     1>d:\thesis\salmon code\salmon2\1salmon\salmon.c(721): warning C4996: 'fopen': This function or variable may be unsafe. Consider using fopen_s instead. To disable deprecation, use _CRT_SECURE_NO_WARNINGS. See online help for details.
                 c:\program files (x86)\microsoft visual studio 10.0\vc\include\stdio.h(234) : see declaration of 'fopen'
     1>d:\thesis\salmon code\salmon2\1salmon\salmon.c(725): warning C4244: 'function' : conversion from 'float' to 'size_t', possible loss of data
       Link:
         C:\Program Files (x86)\Microsoft Visual Studio 10.0\VC\bin\link.exe /ERRORREPORT:PROMPT /OUT:"D:\Thesis\Salmon code\salmon2\Debug\1salmon.exe" /INCREMENTAL:NO /NOLOGO kernel32.lib user32.lib gdi32.lib winspool.lib comdlg32.lib advapi32.lib shell32.lib ole32.lib oleaut32.lib uuid.lib odbc32.lib odbccp32.lib /MANIFEST /ManifestFile:"Debug\1salmon.exe.intermediate.manifest" /MANIFESTUAC:"level='asInvoker' uiAccess='false'" /DEBUG /PDB:"D:\Thesis\Salmon code\salmon2\Debug\1salmon.pdb" /SUBSYSTEM:CONSOLE /TLBID:1 /DYNAMICBASE /NXCOMPAT /IMPLIB:"D:\Thesis\Salmon code\salmon2\Debug\1salmon.lib" /MACHINE:X86 Debug\salmon.obj
     1>salmon.obj : warning LNK4075: ignoring '/EDITANDCONTINUE' due to '/INCREMENTAL:NO' specification
         1salmon.vcxproj -> D:\Thesis\Salmon code\salmon2\Debug\1salmon.exe
       Manifest:
         C:\Program Files (x86)\Microsoft SDKs\Windows\v7.0A\bin\mt.exe /nologo /verbose /outputresource:"D:\Thesis\Salmon code\salmon2\Debug\1salmon.exe;#1" /manifest Debug\1salmon.exe.intermediate.manifest
       FinalizeBuildStatus:
         Deleting file "Debug\1salmon.unsuccessfulbuild".
         Touching "Debug\1salmon.lastbuildstate".
     1>Done Building Project "D:\Thesis\Salmon code\salmon2\1salmon\1salmon.vcxproj" (build target(s)).

Build succeeded.

Time Elapsed 00:00:00.61
